<?xml version="1.0" encoding="UTF-8"?>
<!-- Generated by org.testng.reporters.JUnitReportReporter -->
<testsuite hostname="Meryems-MBP.hsd1.nj.comcast.net" failures="0" tests="4" name="com.sytax.class01.TestNGIntro" time="0.007" errors="0" timestamp="2020-08-29T11:16:49 EDT" skipped="0">
  <testcase classname="com.sytax.class01.TestNGIntro" name="testThree" time="0.001"/>
  <system-out/>
  <testcase classname="com.sytax.class01.TestNGIntro" name="testTwo" time="0.000"/>
  <system-out/>
  <testcase classname="com.sytax.class01.TestNGIntro" name="testOne" time="0.000"/>
  <system-out/>
  <testcase classname="com.sytax.class01.TestNGIntro" name="testFour" time="0.006"/>
  <system-out/>
</testsuite> <!-- com.sytax.class01.TestNGIntro -->
